{"error":{"message":"Could not connect to MongoDB at mongodb://mongodb:27017/goodzilla","stack":"Error: Could not connect to MongoDB at mongodb://mongodb:27017/goodzilla\n    at NativeConnection.SafeMongooseConnection.onError (D:\\xeroBitTechnology\\xeroBitTechnology-BE\\src\\lib\\safe-mongoose-connection.ts:113:21)\n    at NativeConnection.emit (node:events:513:28)\n    at NativeConnection.emit (node:domain:489:12)\n    at D:\\xeroBitTechnology\\xeroBitTechnology-BE\\node_modules\\mongoose\\lib\\connection.js:856:30\n    at processTicksAndRejections (node:internal/process/task_queues:77:11)"},"level":"error","message":"Could not connect to MongoDB at mongodb://mongodb:27017/goodzilla","service":"api","timestamp":"2023-03-15T06:27:21.788Z"}
{"error":{"message":"Could not connect to MongoDB at mongodb://mongodb:27017/goodzilla","stack":"Error: Could not connect to MongoDB at mongodb://mongodb:27017/goodzilla\n    at NativeConnection.SafeMongooseConnection.onError (D:\\xeroBitTechnology\\xeroBitTechnology-BE\\src\\lib\\safe-mongoose-connection.ts:113:21)\n    at NativeConnection.emit (node:events:513:28)\n    at NativeConnection.emit (node:domain:489:12)\n    at D:\\xeroBitTechnology\\xeroBitTechnology-BE\\node_modules\\mongoose\\lib\\connection.js:856:30\n    at processTicksAndRejections (node:internal/process/task_queues:77:11)"},"level":"error","message":"Could not connect to MongoDB at mongodb://mongodb:27017/goodzilla","service":"api","timestamp":"2023-03-15T06:27:53.807Z"}
{"error":{"message":"Could not connect to MongoDB at mongodb://mongodb:27017/goodzilla","stack":"Error: Could not connect to MongoDB at mongodb://mongodb:27017/goodzilla\n    at NativeConnection.SafeMongooseConnection.onError (D:\\xeroBitTechnology\\xeroBitTechnology-BE\\src\\lib\\safe-mongoose-connection.ts:113:21)\n    at NativeConnection.emit (node:events:513:28)\n    at NativeConnection.emit (node:domain:489:12)\n    at D:\\xeroBitTechnology\\xeroBitTechnology-BE\\node_modules\\mongoose\\lib\\connection.js:856:30\n    at processTicksAndRejections (node:internal/process/task_queues:77:11)"},"level":"error","message":"Could not connect to MongoDB at mongodb://mongodb:27017/goodzilla","service":"api","timestamp":"2023-03-15T06:29:04.275Z"}
{"error":{"message":"Could not connect to MongoDB at mongodb://mongodb:27017/xerobittech","stack":"Error: Could not connect to MongoDB at mongodb://mongodb:27017/xerobittech\n    at NativeConnection.SafeMongooseConnection.onError (D:\\xeroBitTechnology\\xeroBitTechnology-BE\\src\\lib\\safe-mongoose-connection.ts:113:21)\n    at NativeConnection.emit (node:events:513:28)\n    at NativeConnection.emit (node:domain:489:12)\n    at D:\\xeroBitTechnology\\xeroBitTechnology-BE\\node_modules\\mongoose\\lib\\connection.js:856:30\n    at processTicksAndRejections (node:internal/process/task_queues:77:11)"},"level":"error","message":"Could not connect to MongoDB at mongodb://mongodb:27017/xerobittech","service":"api","timestamp":"2023-03-15T06:30:13.958Z"}
{"error":{"message":"Could not connect to MongoDB at mongodb://mongodb:27017/xerobittech","stack":"Error: Could not connect to MongoDB at mongodb://mongodb:27017/xerobittech\n    at NativeConnection.SafeMongooseConnection.onError (D:\\xeroBitTechnology\\xeroBitTechnology-BE\\src\\lib\\safe-mongoose-connection.ts:113:21)\n    at NativeConnection.emit (node:events:513:28)\n    at NativeConnection.emit (node:domain:489:12)\n    at D:\\xeroBitTechnology\\xeroBitTechnology-BE\\node_modules\\mongoose\\lib\\connection.js:856:30\n    at processTicksAndRejections (node:internal/process/task_queues:77:11)"},"level":"error","message":"Could not connect to MongoDB at mongodb://mongodb:27017/xerobittech","service":"api","timestamp":"2023-03-15T06:30:45.975Z"}
{"error":{"message":"Could not connect to MongoDB at mongodb://mongodb:27017/xerobittech","stack":"Error: Could not connect to MongoDB at mongodb://mongodb:27017/xerobittech\n    at NativeConnection.SafeMongooseConnection.onError (D:\\xeroBitTechnology\\xeroBitTechnology-BE\\src\\lib\\safe-mongoose-connection.ts:113:21)\n    at NativeConnection.emit (node:events:513:28)\n    at NativeConnection.emit (node:domain:489:12)\n    at D:\\xeroBitTechnology\\xeroBitTechnology-BE\\node_modules\\mongoose\\lib\\connection.js:856:30\n    at processTicksAndRejections (node:internal/process/task_queues:77:11)"},"level":"error","message":"Could not connect to MongoDB at mongodb://mongodb:27017/xerobittech","service":"api","timestamp":"2023-03-15T06:32:01.531Z"}
{"error":{"message":"Could not connect to MongoDB at mongodb://mongodb:27017/xerobittech","stack":"Error: Could not connect to MongoDB at mongodb://mongodb:27017/xerobittech\n    at NativeConnection.SafeMongooseConnection.onError (D:\\xeroBitTechnology\\xeroBitTechnology-BE\\src\\lib\\safe-mongoose-connection.ts:113:21)\n    at NativeConnection.emit (node:events:513:28)\n    at NativeConnection.emit (node:domain:489:12)\n    at D:\\xeroBitTechnology\\xeroBitTechnology-BE\\node_modules\\mongoose\\lib\\connection.js:856:30\n    at processTicksAndRejections (node:internal/process/task_queues:77:11)"},"level":"error","message":"Could not connect to MongoDB at mongodb://mongodb:27017/xerobittech","service":"api","timestamp":"2023-03-15T06:32:33.545Z"}
{"consoleLoggerOptions":{"label":"API"},"level":"error","message":"Edit Failure , TypeError: updateBlog.save is not a function","service":"api","timestamp":"2023-03-15T10:25:50.400Z"}
{"consoleLoggerOptions":{"label":"API"},"level":"error","message":"Edit Failure , CastError: Cast to ObjectId failed for value \"{}\" (type Object) at path \"_id\" for model \"blog\"","service":"api","timestamp":"2023-03-15T10:28:31.057Z"}
{"consoleLoggerOptions":{"label":"API"},"level":"error","message":"Edit Failure , CastError: Cast to ObjectId failed for value \"{}\" (type Object) at path \"_id\" for model \"blog\"","service":"api","timestamp":"2023-03-15T10:38:12.375Z"}
{"consoleLoggerOptions":{"label":"API"},"level":"error","message":"Add Failure , ValidationError: uuidBlog: Path `uuidBlog` is required.","service":"api","timestamp":"2023-03-15T11:22:45.077Z"}
{"consoleLoggerOptions":{"label":"API"},"level":"error","message":"Add Failure , CastError: Cast to ObjectId failed for value \"http://localhost:3500/blog/edit\" (type string) at path \"_id\" for model \"blog\"","service":"api","timestamp":"2023-03-15T11:48:17.743Z"}
{"consoleLoggerOptions":{"label":"API"},"level":"error","message":"Add Failure , CastError: Cast to ObjectId failed for value \"http://localhost:3500/blog/edit\" (type string) at path \"_id\" for model \"blog\"","service":"api","timestamp":"2023-03-15T11:48:29.024Z"}
{"consoleLoggerOptions":{"label":"API"},"level":"error","message":"Add Failure , CastError: Cast to ObjectId failed for value \"http://localhost:3500/blog/edit\" (type string) at path \"_id\" for model \"blog\"","service":"api","timestamp":"2023-03-15T11:48:39.158Z"}
{"consoleLoggerOptions":{"label":"API"},"level":"error","message":"Add Failure , CastError: Cast to ObjectId failed for value \"http://localhost:3500/blog/edit\" (type string) at path \"_id\" for model \"blog\"","service":"api","timestamp":"2023-03-15T11:50:56.409Z"}
{"consoleLoggerOptions":{"label":"API"},"level":"error","message":"Add Failure , CastError: Cast to ObjectId failed for value \"http://localhost:3500/blog/edit\" (type string) at path \"_id\" for model \"blog\"","service":"api","timestamp":"2023-03-15T11:51:11.473Z"}
{"consoleLoggerOptions":{"label":"API"},"level":"error","message":"Add Failure , CastError: Cast to ObjectId failed for value \"http://localhost:3500/blog/edit\" (type string) at path \"_id\" for model \"blog\"","service":"api","timestamp":"2023-03-15T11:51:28.494Z"}
{"consoleLoggerOptions":{"label":"API"},"level":"error","message":"Cant Find , CastError: Cast to ObjectId failed for value \"6411ad1f19630b4298f85fb\" (type string) at path \"_id\" for model \"blog\"","service":"api","timestamp":"2023-03-15T11:55:00.742Z"}
{"consoleLoggerOptions":{"label":"API"},"level":"error","message":"Cant Find , Error: Aggregate has empty pipeline","service":"api","timestamp":"2023-03-15T11:56:30.642Z"}
{"consoleLoggerOptions":{"label":"API"},"level":"error","message":"Edit Failure , Error [ERR_HTTP_HEADERS_SENT]: Cannot set headers after they are sent to the client","service":"api","timestamp":"2023-03-16T05:37:23.122Z"}
{"consoleLoggerOptions":{"label":"API"},"level":"error","message":"Edit Failure , Error [ERR_HTTP_HEADERS_SENT]: Cannot set headers after they are sent to the client","service":"api","timestamp":"2023-03-16T05:37:49.460Z"}
{"consoleLoggerOptions":{"label":"API"},"level":"error","message":"Add Failure , ValidationError: serviceTitle: Path `serviceTitle` is required., serviceImage: Path `serviceImage` is required.","service":"api","timestamp":"2023-03-27T10:33:14.624Z"}
{"consoleLoggerOptions":{"label":"API"},"level":"error","message":"Add Failure , ValidationError: serviceImage: Path `serviceImage` is required.","service":"api","timestamp":"2023-03-27T10:37:00.190Z"}
{"consoleLoggerOptions":{"label":"API"},"level":"error","message":"Cant Find , CastError: Cast to ObjectId failed for value \"EditBlog\" (type string) at path \"_id\" for model \"tbl-blog\"","service":"api","timestamp":"2023-03-27T10:48:28.580Z"}
{"consoleLoggerOptions":{"label":"API"},"level":"error","message":"Cant Find , CastError: Cast to ObjectId failed for value \"EditBlog\" (type string) at path \"_id\" for model \"tbl-blog\"","service":"api","timestamp":"2023-03-27T10:48:30.082Z"}
{"consoleLoggerOptions":{"label":"API"},"level":"error","message":"Add Failure , ValidationError: serviceTitle: Path `serviceTitle` is required.","service":"api","timestamp":"2023-03-29T12:40:13.476Z"}
{"consoleLoggerOptions":{"label":"API"},"level":"error","message":"Add Failure , ValidationError: serviceTitle: Path `serviceTitle` is required.","service":"api","timestamp":"2023-03-29T12:40:44.857Z"}
{"consoleLoggerOptions":{"label":"API"},"level":"error","message":"Add Failure , ValidationError: serviceTitle: Path `serviceTitle` is required.","service":"api","timestamp":"2023-03-29T12:45:59.095Z"}
{"consoleLoggerOptions":{"label":"API"},"level":"error","message":"Cant Find , CastError: Cast to ObjectId failed for value \"viewblog\" (type string) at path \"_id\" for model \"tbl-blog\"","service":"api","timestamp":"2023-03-30T23:01:20.356Z"}
{"consoleLoggerOptions":{"label":"API"},"level":"error","message":"Cant Find , CastError: Cast to ObjectId failed for value \"viewblog\" (type string) at path \"_id\" for model \"tbl-blog\"","service":"api","timestamp":"2023-03-30T23:02:06.551Z"}
{"consoleLoggerOptions":{"label":"API"},"level":"error","message":"Cant Find , CastError: Cast to ObjectId failed for value \"viewblog\" (type string) at path \"_id\" for model \"tbl-blog\"","service":"api","timestamp":"2023-03-30T23:02:35.039Z"}
{"consoleLoggerOptions":{"label":"API"},"level":"error","message":"Cant Find , CastError: Cast to ObjectId failed for value \"undefined\" (type string) at path \"_id\" for model \"tbl-blog\"","service":"api","timestamp":"2023-03-30T23:03:22.347Z"}
{"consoleLoggerOptions":{"label":"API"},"level":"error","message":"Cant Find , CastError: Cast to ObjectId failed for value \"viewblog\" (type string) at path \"_id\" for model \"tbl-blog\"","service":"api","timestamp":"2023-03-31T12:58:54.586Z"}
{"consoleLoggerOptions":{"label":"API"},"level":"error","message":"Cant Find , CastError: Cast to ObjectId failed for value \"viewblog\" (type string) at path \"_id\" for model \"tbl-blog\"","service":"api","timestamp":"2023-03-31T12:59:18.575Z"}
{"consoleLoggerOptions":{"label":"API"},"level":"error","message":"Add Failure , ValidationError: serviceTitle: Path `serviceTitle` is required.","service":"api","timestamp":"2023-04-03T10:33:19.359Z"}
{"consoleLoggerOptions":{"label":"API"},"level":"error","message":"Add Failure , ValidationError: serviceTitle: Path `serviceTitle` is required.","service":"api","timestamp":"2023-04-03T10:33:43.243Z"}
{"consoleLoggerOptions":{"label":"API"},"level":"error","message":"Add Failure , ValidationError: serviceTitle: Path `serviceTitle` is required.","service":"api","timestamp":"2023-04-03T10:34:04.212Z"}
{"consoleLoggerOptions":{"label":"API"},"level":"error","message":"Add Failure , ValidationError: serviceTitle: Path `serviceTitle` is required.","service":"api","timestamp":"2023-04-03T10:37:43.709Z"}
{"consoleLoggerOptions":{"label":"API"},"level":"error","message":"Add Failure , ValidationError: serviceTitle: Path `serviceTitle` is required.","service":"api","timestamp":"2023-04-03T10:43:28.104Z"}
{"consoleLoggerOptions":{"label":"API"},"level":"error","message":"Cant Find , CastError: Cast to ObjectId failed for value \"undefined\" (type string) at path \"_id\" for model \"tbl-blog\"","service":"api","timestamp":"2023-04-03T11:51:51.270Z"}
{"consoleLoggerOptions":{"label":"API"},"level":"error","message":"Cant Find , CastError: Cast to ObjectId failed for value \"undefined\" (type string) at path \"_id\" for model \"tbl-blog\"","service":"api","timestamp":"2023-04-04T11:52:53.799Z"}
{"consoleLoggerOptions":{"label":"API"},"level":"error","message":"Cant Find , CastError: Cast to ObjectId failed for value \"delete\" (type string) at path \"_id\" for model \"tbl-blog\"","service":"api","timestamp":"2023-04-04T18:12:59.043Z"}
{"consoleLoggerOptions":{"label":"API"},"level":"error","message":"Cant Find , CastError: Cast to ObjectId failed for value \"64218c96a34ee6389063792d/delete\" (type string) at path \"_id\" for model \"tbl-blog\"","service":"api","timestamp":"2023-04-04T18:14:13.990Z"}
{"consoleLoggerOptions":{"label":"API"},"level":"error","message":"Cant Find , CastError: Cast to ObjectId failed for value \"642c2194fcfd7e2d2c8a4b9a/src//uploads//1680613780431Screenshot (19).png\" (type string) at path \"_id\" for model \"tbl-blog\"","service":"api","timestamp":"2023-04-05T11:08:48.950Z"}
{"consoleLoggerOptions":{"label":"API"},"level":"error","message":"Cant Find , CastError: Cast to ObjectId failed for value \"642c2194fcfd7e2d2c8a4b9a/src/uploads/1680613780431Screenshot (19).png\" (type string) at path \"_id\" for model \"tbl-blog\"","service":"api","timestamp":"2023-04-05T11:09:10.045Z"}
{"consoleLoggerOptions":{"label":"API"},"level":"error","message":"Cant Find , CastError: Cast to ObjectId failed for value \"642c2194fcfd7e2d2c8a4b9a/uploads/1680613780431Screenshot (19).png\" (type string) at path \"_id\" for model \"tbl-blog\"","service":"api","timestamp":"2023-04-05T11:09:21.013Z"}
{"consoleLoggerOptions":{"label":"API"},"level":"error","message":"Cant Find , CastError: Cast to ObjectId failed for value \"642c2194fcfd7e2d2c8a4b9a/1680613780431Screenshot (19).png\" (type string) at path \"_id\" for model \"tbl-blog\"","service":"api","timestamp":"2023-04-05T11:09:26.728Z"}
{"consoleLoggerOptions":{"label":"API"},"level":"error","message":"Cant Find , CastError: Cast to ObjectId failed for value \"642c2194fcfd7e2d2c8a4b9a/1680613780431Screenshot (19).png\" (type string) at path \"_id\" for model \"tbl-blog\"","service":"api","timestamp":"2023-04-05T11:20:34.940Z"}
{"consoleLoggerOptions":{"label":"API"},"level":"error","message":"Cant Find , CastError: Cast to ObjectId failed for value \"642c2194fcfd7e2d2c8a4b9a/\" (type string) at path \"_id\" for model \"tbl-blog\"","service":"api","timestamp":"2023-04-05T11:20:40.738Z"}
{"consoleLoggerOptions":{"label":"API"},"level":"error","message":"Add Failure , ValidationError: blogTitle: Path `blogTitle` is required., blogImage: Path `blogImage` is required.","service":"api","timestamp":"2023-04-10T10:32:52.327Z"}
{"consoleLoggerOptions":{"label":"API"},"level":"error","message":"Add Failure , ValidationError: blogTitle: Path `blogTitle` is required., blogImage: Path `blogImage` is required.","service":"api","timestamp":"2023-04-10T10:33:24.488Z"}
{"consoleLoggerOptions":{"label":"API"},"level":"error","message":"Add Failure , ValidationError: blogTitle: Path `blogTitle` is required., blogImage: Path `blogImage` is required.","service":"api","timestamp":"2023-04-10T10:33:49.494Z"}
{"consoleLoggerOptions":{"label":"API"},"level":"error","message":"Add Failure , ValidationError: blogTitle: Path `blogTitle` is required., blogImage: Path `blogImage` is required.","service":"api","timestamp":"2023-04-10T10:34:48.001Z"}
{"consoleLoggerOptions":{"label":"API"},"level":"error","message":"Add Failure , ValidationError: blogTitle: Path `blogTitle` is required., blogImage: Path `blogImage` is required.","service":"api","timestamp":"2023-04-10T10:35:23.925Z"}
{"consoleLoggerOptions":{"label":"API"},"level":"error","message":"Add Failure , ValidationError: blogTitle: Path `blogTitle` is required., blogImage: Path `blogImage` is required.","service":"api","timestamp":"2023-04-10T10:35:53.269Z"}
{"consoleLoggerOptions":{"label":"API"},"level":"error","message":"Add Failure , ValidationError: blogTitle: Path `blogTitle` is required., blogImage: Path `blogImage` is required.","service":"api","timestamp":"2023-04-10T10:38:12.753Z"}
{"consoleLoggerOptions":{"label":"API"},"level":"error","message":"Add Failure , ValidationError: blogTitle: Path `blogTitle` is required., blogImage: Path `blogImage` is required.","service":"api","timestamp":"2023-04-10T10:40:12.051Z"}
{"consoleLoggerOptions":{"label":"API"},"level":"error","message":"Add Failure , ValidationError: blogTitle: Path `blogTitle` is required., blogImage: Path `blogImage` is required.","service":"api","timestamp":"2023-04-10T10:41:39.600Z"}
{"consoleLoggerOptions":{"label":"API"},"level":"error","message":"Add Failure , ValidationError: blogTitle: Path `blogTitle` is required., blogImage: Path `blogImage` is required.","service":"api","timestamp":"2023-04-10T10:42:27.772Z"}
{"consoleLoggerOptions":{"label":"API"},"level":"error","message":"Add Failure , ValidationError: blogTitle: Path `blogTitle` is required., blogImage: Path `blogImage` is required.","service":"api","timestamp":"2023-04-10T10:42:44.925Z"}
{"consoleLoggerOptions":{"label":"API"},"level":"error","message":"Add Failure , ValidationError: blogTitle: Path `blogTitle` is required., blogImage: Path `blogImage` is required.","service":"api","timestamp":"2023-04-10T10:43:23.626Z"}
{"consoleLoggerOptions":{"label":"API"},"level":"error","message":"Add Failure , ValidationError: blogImage: Path `blogImage` is required., blogTitle: Path `blogTitle` is required.","service":"api","timestamp":"2023-04-10T10:43:42.375Z"}
{"consoleLoggerOptions":{"label":"API"},"level":"error","message":"Add Failure , ValidationError: blogImage: Path `blogImage` is required., blogTitle: Path `blogTitle` is required.","service":"api","timestamp":"2023-04-10T10:43:44.567Z"}
{"consoleLoggerOptions":{"label":"API"},"level":"error","message":"Add Failure , ValidationError: blogImage: Path `blogImage` is required., blogTitle: Path `blogTitle` is required.","service":"api","timestamp":"2023-04-10T10:43:48.398Z"}
{"consoleLoggerOptions":{"label":"API"},"level":"error","message":"Add Failure , ValidationError: blogTitle: Path `blogTitle` is required., blogImage: Path `blogImage` is required.","service":"api","timestamp":"2023-04-10T10:45:12.399Z"}
{"consoleLoggerOptions":{"label":"API"},"level":"error","message":"Add Failure , ValidationError: blogTitle: Path `blogTitle` is required., blogImage: Path `blogImage` is required.","service":"api","timestamp":"2023-04-10T10:45:44.928Z"}
{"consoleLoggerOptions":{"label":"API"},"level":"error","message":"Add Failure , ValidationError: blogTitle: Path `blogTitle` is required., blogImage: Path `blogImage` is required.","service":"api","timestamp":"2023-04-10T10:46:34.495Z"}
{"consoleLoggerOptions":{"label":"API"},"level":"error","message":"Add Failure , ValidationError: blogTitle: Path `blogTitle` is required., blogImage: Path `blogImage` is required.","service":"api","timestamp":"2023-04-10T10:47:33.637Z"}
{"consoleLoggerOptions":{"label":"API"},"level":"error","message":"Add Failure , ValidationError: blogImage: Path `blogImage` is required.","service":"api","timestamp":"2023-04-10T10:48:57.806Z"}
{"consoleLoggerOptions":{"label":"API"},"level":"error","message":"Add Failure , ValidationError: blogTitle: Path `blogTitle` is required., blogImage: Path `blogImage` is required.","service":"api","timestamp":"2023-04-10T10:49:47.072Z"}
{"consoleLoggerOptions":{"label":"API"},"level":"error","message":"Add Failure , ValidationError: blogTitle: Path `blogTitle` is required., blogImage: Path `blogImage` is required.","service":"api","timestamp":"2023-04-10T10:49:50.163Z"}
{"consoleLoggerOptions":{"label":"API"},"level":"error","message":"Add Failure , ValidationError: blogImage: Path `blogImage` is required.","service":"api","timestamp":"2023-04-10T10:50:09.679Z"}
{"consoleLoggerOptions":{"label":"API"},"level":"error","message":"Add Failure , ValidationError: blogImage: Path `blogImage` is required.","service":"api","timestamp":"2023-04-10T10:51:17.392Z"}
{"consoleLoggerOptions":{"label":"API"},"level":"error","message":"Add Failure , ValidationError: blogImage: Path `blogImage` is required.","service":"api","timestamp":"2023-04-10T10:51:23.022Z"}
{"consoleLoggerOptions":{"label":"API"},"level":"error","message":"Add Failure , ValidationError: blogImage: Path `blogImage` is required.","service":"api","timestamp":"2023-04-10T10:52:48.179Z"}
{"consoleLoggerOptions":{"label":"API"},"level":"error","message":"Cant Find , CastError: Cast to ObjectId failed for value \"undefined\" (type string) at path \"_id\" for model \"tbl-blog\"","service":"api","timestamp":"2023-04-07T11:43:20.328Z"}
{"consoleLoggerOptions":{"label":"API"},"level":"error","message":"Cant Find , CastError: Cast to ObjectId failed for value \"undefined\" (type string) at path \"_id\" for model \"tbl-blog\"","service":"api","timestamp":"2023-04-07T11:43:22.464Z"}
{"consoleLoggerOptions":{"label":"API"},"level":"error","message":"Add Failure , ValidationError: visit: Cast to Boolean failed for value \"visit\" (type string) at path \"visit\"","service":"api","timestamp":"2023-04-12T10:51:25.064Z"}
{"consoleLoggerOptions":{"label":"API"},"level":"error","message":"Add Failure , ValidationError: blogImage: Path `blogImage` is required.","service":"api","timestamp":"2023-04-12T11:33:41.205Z"}
{"consoleLoggerOptions":{"label":"API"},"level":"error","message":"Cant Find , CastError: Cast to ObjectId failed for value \"edit\" (type string) at path \"_id\" for model \"tbl-services\"","service":"api","timestamp":"2023-04-12T17:03:38.864Z"}
{"consoleLoggerOptions":{"label":"API"},"level":"error","message":"Cant Find , CastError: Cast to ObjectId failed for value \"edit\" (type string) at path \"_id\" for model \"tbl-services\"","service":"api","timestamp":"2023-04-12T17:04:05.673Z"}
{"consoleLoggerOptions":{"label":"API"},"level":"error","message":"Cant Find , CastError: Cast to ObjectId failed for value \"edit\" (type string) at path \"_id\" for model \"tbl-services\"","service":"api","timestamp":"2023-04-12T17:04:23.676Z"}
{"consoleLoggerOptions":{"label":"API"},"level":"error","message":"Add Failure , TypeError: Cannot read properties of undefined (reading 'data')","service":"api","timestamp":"2023-04-12T18:07:25.342Z"}
{"consoleLoggerOptions":{"label":"API"},"level":"error","message":"Add Failure , ValidationError: serviceImage: Path `serviceImage` is required.","service":"api","timestamp":"2023-04-17T07:34:47.872Z"}
{"consoleLoggerOptions":{"label":"API"},"level":"error","message":"Add Failure , ValidationError: serviceImage: Path `serviceImage` is required.","service":"api","timestamp":"2023-04-17T07:39:49.441Z"}
{"consoleLoggerOptions":{"label":"API"},"level":"error","message":"Add Failure , ValidationError: blogImage: Path `blogImage` is required.","service":"api","timestamp":"2023-04-17T07:39:53.018Z"}
{"consoleLoggerOptions":{"label":"API"},"level":"error","message":"Add Failure , ValidationError: blogImage: Path `blogImage` is required.","service":"api","timestamp":"2023-04-17T07:40:21.992Z"}
{"consoleLoggerOptions":{"label":"API"},"level":"error","message":"Add Failure , ValidationError: blogImage: Path `blogImage` is required.","service":"api","timestamp":"2023-04-17T07:54:09.691Z"}
{"consoleLoggerOptions":{"label":"API"},"level":"error","message":"Add Failure , ValidationError: serviceImage: Path `serviceImage` is required.","service":"api","timestamp":"2023-04-17T08:00:23.798Z"}
{"consoleLoggerOptions":{"label":"API"},"level":"error","message":"Add Failure , ValidationError: blogImage: Path `blogImage` is required.","service":"api","timestamp":"2023-04-17T08:02:21.708Z"}
{"consoleLoggerOptions":{"label":"API"},"level":"error","message":"Add Failure , ValidationError: blogImage: Path `blogImage` is required.","service":"api","timestamp":"2023-04-17T08:05:58.738Z"}
{"consoleLoggerOptions":{"label":"API"},"level":"error","message":"Add Failure , ValidationError: serviceImage: Path `serviceImage` is required.","service":"api","timestamp":"2023-04-17T08:06:45.234Z"}
{"consoleLoggerOptions":{"label":"API"},"level":"error","message":"Add Failure , ValidationError: serviceImage: Path `serviceImage` is required.","service":"api","timestamp":"2023-04-17T08:10:43.166Z"}
{"consoleLoggerOptions":{"label":"API"},"level":"error","message":"Add Failure , ValidationError: serviceImage: Path `serviceImage` is required.","service":"api","timestamp":"2023-04-17T08:13:53.040Z"}
{"consoleLoggerOptions":{"label":"API"},"level":"error","message":"Add Failure , ValidationError: serviceImage: Path `serviceImage` is required.","service":"api","timestamp":"2023-04-17T08:17:43.285Z"}
{"consoleLoggerOptions":{"label":"API"},"level":"error","message":"Add Failure , ValidationError: serviceImage: Path `serviceImage` is required.","service":"api","timestamp":"2023-04-17T08:19:26.098Z"}
{"consoleLoggerOptions":{"label":"API"},"level":"error","message":"Add Failure , ValidationError: serviceImage: Path `serviceImage` is required.","service":"api","timestamp":"2023-04-17T08:21:59.863Z"}
{"consoleLoggerOptions":{"label":"API"},"level":"error","message":"Add Failure , ValidationError: serviceImage: Path `serviceImage` is required.","service":"api","timestamp":"2023-04-17T08:34:32.561Z"}
{"consoleLoggerOptions":{"label":"API"},"level":"error","message":"Add Failure , ValidationError: serviceImage: Path `serviceImage` is required.","service":"api","timestamp":"2023-04-17T08:39:35.860Z"}
{"consoleLoggerOptions":{"label":"API"},"level":"error","message":"Add Failure , ValidationError: serviceImage: Path `serviceImage` is required.","service":"api","timestamp":"2023-04-17T08:50:13.411Z"}
{"consoleLoggerOptions":{"label":"API"},"level":"error","message":"Add Failure , ValidationError: serviceImage: Path `serviceImage` is required.","service":"api","timestamp":"2023-04-17T08:55:18.014Z"}
{"consoleLoggerOptions":{"label":"API"},"level":"error","message":"Add Failure , ValidationError: serviceImage: Path `serviceImage` is required.","service":"api","timestamp":"2023-04-17T08:59:50.951Z"}
{"consoleLoggerOptions":{"label":"API"},"level":"error","message":"Cant Find , CastError: Cast to ObjectId failed for value \"add\" (type string) at path \"_id\" for model \"tbl-section\"","service":"api","timestamp":"2023-04-27T07:02:14.923Z"}
{"consoleLoggerOptions":{"label":"API"},"level":"error","message":"Cant Find , CastError: Cast to ObjectId failed for value \"add\" (type string) at path \"_id\" for model \"tbl-section\"","service":"api","timestamp":"2023-04-27T07:02:14.539Z"}
{"consoleLoggerOptions":{"label":"API"},"level":"error","message":"Cant Find , CastError: Cast to ObjectId failed for value \"644fc8516b02fc53f4779a41/section\" (type string) at path \"_id\" for model \"tbl-services\"","service":"api","timestamp":"2023-05-01T14:27:56.385Z"}
{"consoleLoggerOptions":{"label":"API"},"level":"error","message":"Cant Find , CastError: Cast to ObjectId failed for value \"644fc8516b02fc53f4779a41/section\" (type string) at path \"_id\" for model \"tbl-services\"","service":"api","timestamp":"2023-05-01T14:28:19.977Z"}
{"consoleLoggerOptions":{"label":"API"},"level":"error","message":"Edit Failure , CastError: Cast to ObjectId failed for value \"644fc8516b02fc53f4779a41/section\" (type string) at path \"_id\" for model \"tbl-services\"","service":"api","timestamp":"2023-05-01T14:36:57.705Z"}
{"consoleLoggerOptions":{"label":"API"},"level":"error","message":"Edit Failure , CastError: Cast to ObjectId failed for value \"644fc8516b02fc53f4779a41/section\" (type string) at path \"_id\" for model \"tbl-services\"","service":"api","timestamp":"2023-05-01T14:38:56.440Z"}
{"consoleLoggerOptions":{"label":"API"},"level":"error","message":"Edit Failure , CastError: Cast to ObjectId failed for value \"644fc8516b02fc53f4779a41/section\" (type string) at path \"_id\" for model \"tbl-services\"","service":"api","timestamp":"2023-05-01T14:39:38.978Z"}
{"consoleLoggerOptions":{"label":"API"},"level":"error","message":"Edit Failure , CastError: Cast to ObjectId failed for value \"644fc8516b02fc53f4779a41/section\" (type string) at path \"_id\" for model \"tbl-services\"","service":"api","timestamp":"2023-05-01T14:40:07.629Z"}
{"consoleLoggerOptions":{"label":"API"},"level":"error","message":"Cant Find , CastError: Cast to ObjectId failed for value \"{ id: '644fc8516b02fc53f4779a41' }\" (type Object) at path \"_id\" for model \"tbl-services\"","service":"api","timestamp":"2023-05-01T14:49:30.370Z"}
{"consoleLoggerOptions":{"label":"API"},"level":"error","message":"Cant Find , CastError: Cast to ObjectId failed for value \"{ id: '644fc8516b02fc53f4779a41' }\" (type Object) at path \"_id\" for model \"tbl-services\"","service":"api","timestamp":"2023-05-01T14:49:47.759Z"}
{"consoleLoggerOptions":{"label":"API"},"level":"error","message":"Cant Find , CastError: Cast to ObjectId failed for value \"{ id: '644fc8516b02fc53f4779a41' }\" (type Object) at path \"_id\" for model \"tbl-services\"","service":"api","timestamp":"2023-05-01T14:50:17.481Z"}
{"consoleLoggerOptions":{"label":"API"},"level":"error","message":"Cant Find , MissingSchemaError: Schema hasn't been registered for model \"Section\".\nUse mongoose.model(name, schema)","service":"api","timestamp":"2023-05-02T07:51:11.325Z"}
{"consoleLoggerOptions":{"label":"API"},"level":"error","message":"Cant Find , MissingSchemaError: Schema hasn't been registered for model \"Section\".\nUse mongoose.model(name, schema)","service":"api","timestamp":"2023-05-02T07:53:13.547Z"}
{"consoleLoggerOptions":{"label":"API"},"level":"error","message":"Cant Find , MissingSchemaError: Schema hasn't been registered for model \"Sections\".\nUse mongoose.model(name, schema)","service":"api","timestamp":"2023-05-02T07:53:38.987Z"}
{"consoleLoggerOptions":{"label":"API"},"level":"error","message":"Cant Find , MissingSchemaError: Schema hasn't been registered for model \"Section\".\nUse mongoose.model(name, schema)","service":"api","timestamp":"2023-05-02T07:56:20.713Z"}
{"consoleLoggerOptions":{"label":"API"},"level":"error","message":"Cant Find , MissingSchemaError: Schema hasn't been registered for model \"Section\".\nUse mongoose.model(name, schema)","service":"api","timestamp":"2023-05-02T08:01:03.486Z"}
{"consoleLoggerOptions":{"label":"API"},"level":"error","message":"Cant Find , CastError: Cast to ObjectId failed for value \"undefined\" (type string) at path \"_id\" for model \"tbl-section\"","service":"api","timestamp":"2023-05-03T12:33:13.795Z"}
{"consoleLoggerOptions":{"label":"API"},"level":"error","message":"Cant Find , CastError: Cast to ObjectId failed for value \"undefined\" (type string) at path \"_id\" for model \"tbl-section\"","service":"api","timestamp":"2023-05-03T12:33:14.536Z"}
{"consoleLoggerOptions":{"label":"API"},"level":"error","message":"Cant Find , CastError: Cast to ObjectId failed for value \"undefined\" (type string) at path \"_id\" for model \"tbl-section\"","service":"api","timestamp":"2023-05-03T12:33:14.801Z"}
{"consoleLoggerOptions":{"label":"API"},"level":"error","message":"Cant Find , CastError: Cast to ObjectId failed for value \"undefined\" (type string) at path \"_id\" for model \"tbl-section\"","service":"api","timestamp":"2023-05-03T12:33:14.973Z"}
{"consoleLoggerOptions":{"label":"API"},"level":"error","message":"Cant Find , CastError: Cast to ObjectId failed for value \"undefined\" (type string) at path \"_id\" for model \"tbl-section\"","service":"api","timestamp":"2023-05-03T12:33:15.139Z"}
{"consoleLoggerOptions":{"label":"API"},"level":"error","message":"Cant Find , CastError: Cast to ObjectId failed for value \"undefined\" (type string) at path \"_id\" for model \"tbl-section\"","service":"api","timestamp":"2023-05-03T12:33:15.300Z"}
{"consoleLoggerOptions":{"label":"API"},"level":"error","message":"Cant Find , CastError: Cast to ObjectId failed for value \"undefined\" (type string) at path \"_id\" for model \"tbl-section\"","service":"api","timestamp":"2023-05-03T12:33:15.484Z"}
{"consoleLoggerOptions":{"label":"API"},"level":"error","message":"Cant Find , CastError: Cast to ObjectId failed for value \"undefined\" (type string) at path \"_id\" for model \"tbl-section\"","service":"api","timestamp":"2023-05-03T12:33:15.756Z"}
{"consoleLoggerOptions":{"label":"API"},"level":"error","message":"Cant Find , CastError: Cast to ObjectId failed for value \"undefined\" (type string) at path \"_id\" for model \"tbl-section\"","service":"api","timestamp":"2023-05-03T12:33:15.951Z"}
{"consoleLoggerOptions":{"label":"API"},"level":"error","message":"Cant Find , CastError: Cast to ObjectId failed for value \"undefined\" (type string) at path \"_id\" for model \"tbl-section\"","service":"api","timestamp":"2023-05-03T12:33:16.085Z"}
{"consoleLoggerOptions":{"label":"API"},"level":"error","message":"Cant Find , CastError: Cast to ObjectId failed for value \"undefined\" (type string) at path \"_id\" for model \"tbl-section\"","service":"api","timestamp":"2023-05-03T12:37:00.726Z"}
{"consoleLoggerOptions":{"label":"API"},"level":"error","message":"Cant Find , CastError: Cast to ObjectId failed for value \"undefined\" (type string) at path \"_id\" for model \"tbl-section\"","service":"api","timestamp":"2023-05-03T12:37:01.138Z"}
{"consoleLoggerOptions":{"label":"API"},"level":"error","message":"Cant Find , CastError: Cast to ObjectId failed for value \"undefined\" (type string) at path \"_id\" for model \"tbl-section\"","service":"api","timestamp":"2023-05-03T12:37:01.515Z"}
{"consoleLoggerOptions":{"label":"API"},"level":"error","message":"Cant Find , CastError: Cast to ObjectId failed for value \"undefined\" (type string) at path \"_id\" for model \"tbl-section\"","service":"api","timestamp":"2023-05-03T12:37:01.708Z"}
{"consoleLoggerOptions":{"label":"API"},"level":"error","message":"Cant Find , CastError: Cast to ObjectId failed for value \"undefined\" (type string) at path \"_id\" for model \"tbl-section\"","service":"api","timestamp":"2023-05-03T12:37:01.869Z"}
{"consoleLoggerOptions":{"label":"API"},"level":"error","message":"Cant Find , CastError: Cast to ObjectId failed for value \"undefined\" (type string) at path \"_id\" for model \"tbl-section\"","service":"api","timestamp":"2023-05-03T12:37:24.069Z"}
{"consoleLoggerOptions":{"label":"API"},"level":"error","message":"Cant Find , CastError: Cast to ObjectId failed for value \"undefined\" (type string) at path \"_id\" for model \"tbl-section\"","service":"api","timestamp":"2023-05-03T12:37:24.647Z"}
{"consoleLoggerOptions":{"label":"API"},"level":"error","message":"Cant Find , CastError: Cast to ObjectId failed for value \"undefined\" (type string) at path \"_id\" for model \"tbl-section\"","service":"api","timestamp":"2023-05-03T12:37:24.845Z"}
{"consoleLoggerOptions":{"label":"API"},"level":"error","message":"Cant Find , CastError: Cast to ObjectId failed for value \"undefined\" (type string) at path \"_id\" for model \"tbl-section\"","service":"api","timestamp":"2023-05-03T12:37:25.004Z"}
{"consoleLoggerOptions":{"label":"API"},"level":"error","message":"Cant Find , CastError: Cast to ObjectId failed for value \"undefined\" (type string) at path \"_id\" for model \"tbl-section\"","service":"api","timestamp":"2023-05-03T12:37:25.161Z"}
{"consoleLoggerOptions":{"label":"API"},"level":"error","message":"Cant Find , CastError: Cast to ObjectId failed for value \"undefined\" (type string) at path \"_id\" for model \"tbl-section\"","service":"api","timestamp":"2023-05-03T12:37:27.576Z"}
{"consoleLoggerOptions":{"label":"API"},"level":"error","message":"Cant Find , CastError: Cast to ObjectId failed for value \"undefined\" (type string) at path \"_id\" for model \"tbl-section\"","service":"api","timestamp":"2023-05-03T12:37:27.834Z"}
{"consoleLoggerOptions":{"label":"API"},"level":"error","message":"Cant Find , CastError: Cast to ObjectId failed for value \"undefined\" (type string) at path \"_id\" for model \"tbl-section\"","service":"api","timestamp":"2023-05-03T12:37:28.001Z"}
{"consoleLoggerOptions":{"label":"API"},"level":"error","message":"Cant Find , CastError: Cast to ObjectId failed for value \"undefined\" (type string) at path \"_id\" for model \"tbl-section\"","service":"api","timestamp":"2023-05-03T12:37:28.168Z"}
{"consoleLoggerOptions":{"label":"API"},"level":"error","message":"Cant Find , CastError: Cast to ObjectId failed for value \"undefined\" (type string) at path \"_id\" for model \"tbl-section\"","service":"api","timestamp":"2023-05-03T12:37:28.336Z"}
{"consoleLoggerOptions":{"label":"API"},"level":"error","message":"Cant Find , CastError: Cast to ObjectId failed for value \"undefined\" (type string) at path \"_id\" for model \"tbl-section\"","service":"api","timestamp":"2023-05-03T12:37:28.505Z"}
{"consoleLoggerOptions":{"label":"API"},"level":"error","message":"Cant Find , CastError: Cast to ObjectId failed for value \"undefined\" (type string) at path \"_id\" for model \"tbl-section\"","service":"api","timestamp":"2023-05-03T12:39:15.408Z"}
{"consoleLoggerOptions":{"label":"API"},"level":"error","message":"Cant Find , CastError: Cast to ObjectId failed for value \"undefined\" (type string) at path \"_id\" for model \"tbl-section\"","service":"api","timestamp":"2023-05-03T12:39:16.258Z"}
{"consoleLoggerOptions":{"label":"API"},"level":"error","message":"Cant Find , CastError: Cast to ObjectId failed for value \"undefined\" (type string) at path \"_id\" for model \"tbl-section\"","service":"api","timestamp":"2023-05-03T12:39:41.866Z"}
{"consoleLoggerOptions":{"label":"API"},"level":"error","message":"Cant Find , CastError: Cast to ObjectId failed for value \"undefined\" (type string) at path \"_id\" for model \"tbl-section\"","service":"api","timestamp":"2023-05-03T12:41:42.141Z"}
{"consoleLoggerOptions":{"label":"API"},"level":"error","message":"Cant Find , CastError: Cast to ObjectId failed for value \"undefined\" (type string) at path \"_id\" for model \"tbl-section\"","service":"api","timestamp":"2023-05-03T12:41:49.061Z"}
{"consoleLoggerOptions":{"label":"API"},"level":"error","message":"Cant Find , CastError: Cast to ObjectId failed for value \"undefined\" (type string) at path \"_id\" for model \"tbl-section\"","service":"api","timestamp":"2023-05-03T12:41:49.323Z"}
{"consoleLoggerOptions":{"label":"API"},"level":"error","message":"Cant Find , CastError: Cast to ObjectId failed for value \"undefined\" (type string) at path \"_id\" for model \"tbl-section\"","service":"api","timestamp":"2023-05-03T12:41:49.530Z"}
{"consoleLoggerOptions":{"label":"API"},"level":"error","message":"Cant Find , CastError: Cast to ObjectId failed for value \"undefined\" (type string) at path \"_id\" for model \"tbl-section\"","service":"api","timestamp":"2023-05-03T12:41:49.733Z"}
{"consoleLoggerOptions":{"label":"API"},"level":"error","message":"Cant Find , CastError: Cast to ObjectId failed for value \"undefined\" (type string) at path \"_id\" for model \"tbl-section\"","service":"api","timestamp":"2023-05-03T12:41:49.939Z"}
{"consoleLoggerOptions":{"label":"API"},"level":"error","message":"Cant Find , CastError: Cast to ObjectId failed for value \"undefined\" (type string) at path \"_id\" for model \"tbl-section\"","service":"api","timestamp":"2023-05-03T12:45:13.485Z"}
{"consoleLoggerOptions":{"label":"API"},"level":"error","message":"Cant Find , CastError: Cast to ObjectId failed for value \"undefined\" (type string) at path \"_id\" for model \"tbl-section\"","service":"api","timestamp":"2023-05-03T12:46:24.139Z"}
{"consoleLoggerOptions":{"label":"API"},"level":"error","message":"Cant Find , CastError: Cast to ObjectId failed for value \"undefined\" (type string) at path \"_id\" for model \"tbl-section\"","service":"api","timestamp":"2023-05-03T12:46:28.932Z"}
{"consoleLoggerOptions":{"label":"API"},"level":"error","message":"Cant Find , CastError: Cast to ObjectId failed for value \"undefined\" (type string) at path \"_id\" for model \"tbl-section\"","service":"api","timestamp":"2023-05-03T12:46:30.676Z"}
{"consoleLoggerOptions":{"label":"API"},"level":"error","message":"Cant Find , CastError: Cast to ObjectId failed for value \"undefined\" (type string) at path \"_id\" for model \"tbl-section\"","service":"api","timestamp":"2023-05-04T08:04:05.230Z"}
{"consoleLoggerOptions":{"label":"API"},"level":"error","message":"Cant Find , CastError: Cast to ObjectId failed for value \"undefined\" (type string) at path \"_id\" for model \"tbl-section\"","service":"api","timestamp":"2023-05-04T08:04:16.391Z"}
{"consoleLoggerOptions":{"label":"API"},"level":"error","message":"Edit Failure , CastError: Cast to ObjectId failed for value \"undefined\" (type string) at path \"_id\" for model \"tbl-section\"","service":"api","timestamp":"2023-05-04T08:04:31.792Z"}
{"consoleLoggerOptions":{"label":"API"},"level":"error","message":"Cant Find , CastError: Cast to ObjectId failed for value \"undefined\" (type string) at path \"_id\" for model \"tbl-section\"","service":"api","timestamp":"2023-05-04T08:19:28.771Z"}
{"consoleLoggerOptions":{"label":"API"},"level":"error","message":"Cant Find , CastError: Cast to ObjectId failed for value \"undefined\" (type string) at path \"_id\" for model \"tbl-section\"","service":"api","timestamp":"2023-05-04T08:19:41.941Z"}
{"consoleLoggerOptions":{"label":"API"},"level":"error","message":"Edit Failure , CastError: Cast to ObjectId failed for value \"undefined\" (type string) at path \"_id\" for model \"tbl-section\"","service":"api","timestamp":"2023-05-04T08:24:05.385Z"}
{"consoleLoggerOptions":{"label":"API"},"level":"error","message":"Cant Find , CastError: Cast to ObjectId failed for value \"undefined\" (type string) at path \"_id\" for model \"tbl-services\"","service":"api","timestamp":"2023-05-04T13:40:40.248Z"}
<<<<<<< HEAD
{"consoleLoggerOptions":{"label":"API"},"level":"error","message":"Add Failure , ValidationError: projectTitle: Path `projectTitle` is required., description: Path `description` is required.","service":"api","timestamp":"2023-05-09T10:59:26.192Z"}
{"consoleLoggerOptions":{"label":"API"},"level":"error","message":"Add Failure , ValidationError: projectTitle: Path `projectTitle` is required., description: Path `description` is required.","service":"api","timestamp":"2023-05-11T04:56:29.170Z"}
{"consoleLoggerOptions":{"label":"API"},"level":"error","message":"Add Failure , ValidationError: projectTitle: Path `projectTitle` is required., description: Path `description` is required.","service":"api","timestamp":"2023-05-11T04:56:56.475Z"}
{"consoleLoggerOptions":{"label":"API"},"level":"error","message":"Add Failure , ValidationError: projectTitle: Path `projectTitle` is required., description: Path `description` is required.","service":"api","timestamp":"2023-05-11T04:58:52.236Z"}
{"consoleLoggerOptions":{"label":"API"},"level":"error","message":"Add Failure , ValidationError: projectTitle: Path `projectTitle` is required., description: Path `description` is required.","service":"api","timestamp":"2023-05-11T05:00:34.143Z"}
{"consoleLoggerOptions":{"label":"API"},"level":"error","message":"Add Failure , ValidationError: projectTitle: Path `projectTitle` is required., description: Path `description` is required.","service":"api","timestamp":"2023-05-11T05:06:44.971Z"}
{"consoleLoggerOptions":{"label":"API"},"level":"error","message":"Add Failure , ValidationError: projectTitle: Path `projectTitle` is required., description: Path `description` is required.","service":"api","timestamp":"2023-05-11T05:10:59.505Z"}
=======
{"consoleLoggerOptions":{"label":"API"},"level":"error","message":"Cant Find , CastError: Cast to ObjectId failed for value \"add\" (type string) at path \"_id\" for model \"tbl-project\"","service":"api","timestamp":"2023-05-09T10:52:16.396Z"}
{"consoleLoggerOptions":{"label":"API"},"level":"error","message":"Cant Find , CastError: Cast to ObjectId failed for value \"add\" (type string) at path \"_id\" for model \"tbl-project\"","service":"api","timestamp":"2023-05-09T10:52:34.027Z"}
>>>>>>> 3d413889276f8e4745e123a52ea2a9dffe5f82b0
